<?xml version="1.0" encoding="UTF-8"?>
<!-- Generated by org.testng.reporters.JUnitXMLReporter -->
<testsuite hostname="DESKTOP-UOSJI6I" ignored="0" name="Test" tests="5" failures="0" timestamp="2021-07-29T18:23:10 IST" time="65.485" errors="0">
  <testcase name="TitleValidate" time="3.038" classname="com.testcases.LoginTest"/>
  <testcase name="loginpageTest" time="3.927" classname="com.testcases.LoginTest"/>
  <testcase name="addingUser" time="15.355" classname="com.testcases.UserManagementTest"/>
  <testcase name="titleValidationTest" time="0.033" classname="com.testcases.UserManagementTest"/>
  <testcase name="navigationToUserManagement" time="2.059" classname="com.testcases.UserManagementTest"/>
</testsuite> <!-- Test -->
