<?xml version="1.0" encoding="UTF-8"?>
<!-- Generated by org.testng.reporters.JUnitXMLReporter -->
<testsuite hostname="DESKTOP-UOSJI6I" ignored="0" name="Default test" tests="3" failures="0" timestamp="2021-08-03T16:02:41 IST" time="71.96" errors="0">
  <testcase name="addingUser" time="15.71" classname="com.testcases.UserManagementTest"/>
  <testcase name="titleValidationTest" time="0.042" classname="com.testcases.UserManagementTest"/>
  <testcase name="navigationToUserManagement" time="1.452" classname="com.testcases.UserManagementTest"/>
</testsuite> <!-- Default test -->
